[11-06-2021 13:59:59] [INFO] => Registered main_blueprint
[11-06-2021 13:59:59] [INFO] => Created object app
[11-06-2021 13:59:59] [INFO] => app-for-blogs success started
[11-06-2021 14:00:06] [INFO] => User "test" connected
[11-06-2021 14:00:06] [INFO] => User "test" disconnected
[11-06-2021 14:00:06] [WARNING] => User test failed took the admin: jcRm3ovl5d1gAAAz1VkKfnayK9yAyr
[11-06-2021 14:00:06] [INFO] => User test success connected to admin-panel.
[11-06-2021 14:00:09] [INFO] => User "test" connected
[11-06-2021 14:00:17] [INFO] => User "test" disconnected
[11-06-2021 14:00:17] [INFO] => User test watching herself profile.
[11-06-2021 14:00:18] [INFO] => User "test" connected
[11-06-2021 14:00:22] [INFO] => User "test" disconnected
[11-06-2021 14:00:22] [INFO] => User test success connected to url-admin.
[11-06-2021 14:00:22] [INFO] => User "test" connected
[11-06-2021 14:00:22] [INFO] => User "test" disconnected
[11-06-2021 14:00:22] [INFO] => User test success connected to admin-panel.
[11-06-2021 14:00:25] [INFO] => User "test" connected
[11-06-2021 14:01:01] [INFO] => User "test" disconnected
[11-06-2021 14:01:02] [INFO] => User "test" connected
[11-06-2021 14:01:02] [INFO] => User "test" disconnected
[11-06-2021 14:01:02] [INFO] => ADMIN test success took the admin: YwSYQCft52XqJe0c90XlobDwL3npTV
[11-06-2021 14:01:02] [INFO] => User test success connected to admin-panel.
[11-06-2021 14:01:05] [INFO] => User "test" connected
[11-06-2021 14:01:19] [INFO] => User "test" disconnected
[11-06-2021 14:01:19] [INFO] => User "test" connected
[11-06-2021 14:01:20] [INFO] => User "test" disconnected
[11-06-2021 14:01:20] [INFO] => User test success added new admin: jcRm3ovl5d1gAAAz1VkKfnayK9yAyr
[11-06-2021 14:01:20] [INFO] => User test success connected to admin-panel.
[11-06-2021 14:01:22] [INFO] => User "test" connected
[11-06-2021 14:01:26] [INFO] => User "test" disconnected
[11-06-2021 14:01:26] [INFO] => User "test" connected
[11-06-2021 14:01:27] [INFO] => User "test" disconnected
[11-06-2021 14:01:27] [INFO] => User test success delete account: vgo5QPfBejn4hfRfHWdIr6iphws5Sn.
[11-06-2021 14:01:27] [INFO] => User test success connected to admin-panel.
[11-06-2021 14:01:30] [INFO] => User "test" connected
[11-06-2021 14:01:31] [INFO] => User "test" disconnected
[11-06-2021 14:01:32] [INFO] => User "test" connected
[11-06-2021 14:01:32] [INFO] => User "test" disconnected
[11-06-2021 14:01:32] [INFO] => User test success delete account: 9E7qfSJ1KFbhLxEQQPbGvmJ1mzS9lB.
[11-06-2021 14:01:32] [INFO] => User test success connected to admin-panel.
[11-06-2021 14:01:35] [INFO] => User "test" connected
[11-06-2021 14:01:36] [INFO] => User "test" disconnected
[11-06-2021 14:01:36] [INFO] => User test watching all articles on the site
[11-06-2021 14:01:36] [INFO] => User "test" connected
[11-06-2021 14:01:39] [INFO] => User "test" disconnected
[11-06-2021 14:01:40] [INFO] => User "test" connected
[11-06-2021 14:01:45] [INFO] => User "test" disconnected
[11-06-2021 14:01:46] [INFO] => User test created article gfhnhgjhjg
[11-06-2021 14:01:46] [INFO] => User test watching all articles on the site
[11-06-2021 14:01:46] [INFO] => User "test" connected
[11-06-2021 14:01:50] [INFO] => User "test" disconnected
[11-06-2021 14:01:50] [INFO] => User "test" connected
[11-06-2021 14:01:53] [INFO] => User "test" disconnected
[11-06-2021 14:01:53] [INFO] => User test wrote a comment: nbfgjfhgjhfg
[11-06-2021 14:01:53] [INFO] => User "test" connected
[11-06-2021 14:02:06] [INFO] => User "test" disconnected
[11-06-2021 14:02:06] [INFO] => User test has success delete comment 2.
[11-06-2021 14:02:06] [INFO] => User test watching all articles on the site
[11-06-2021 14:02:06] [INFO] => User "test" connected
[11-06-2021 14:02:35] [INFO] => User "test" disconnected
[11-06-2021 14:02:35] [INFO] => User test success delete user article: 2
[11-06-2021 14:02:35] [INFO] => User test watching all articles on the site
[11-06-2021 14:02:35] [INFO] => User "test" connected
[11-06-2021 14:02:59] [INFO] => User "test" disconnected
[11-06-2021 14:03:00] [INFO] => User "test" connected
[11-06-2021 14:03:10] [INFO] => User "test" disconnected
[11-06-2021 14:03:10] [INFO] => User test success update article_id: 1
[11-06-2021 14:03:10] [INFO] => User test watching all articles on the site
[11-06-2021 14:03:11] [INFO] => User "test" connected
